d:\github\operations-systems\lr6\dll\debug\dll.pch
d:\github\operations-systems\lr6\dll\debug\vc142.pdb
d:\github\operations-systems\lr6\dll\debug\vc142.idb
d:\github\operations-systems\lr6\dll\debug\pch.obj
d:\github\operations-systems\lr6\dll\debug\mathlibrary.obj
d:\github\operations-systems\lr6\dll\debug\dllmain.obj
d:\dll\debug\dll.pch
d:\dll\debug\vc142.pdb
d:\dll\debug\vc142.idb
d:\dll\debug\pch.obj
d:\dll\debug\source.obj
d:\dll\debug\dllmain.obj
d:\github\operations-systems\lr6\dll\debug\dll.lib
d:\github\operations-systems\lr6\dll\debug\dll.exp
d:\dll\debug\dll.lib
d:\dll\debug\dll.exp
d:\github\operations-systems\lr6\dll\debug\dll.dll
d:\github\operations-systems\lr6\dll\debug\dll.ilk
d:\github\operations-systems\lr6\dll\debug\dll.pdb
d:\dll\debug\dll.dll
d:\dll\debug\dll.ilk
d:\dll\debug\dll.pdb
d:\github\operations-systems\lr6\dll\debug\dll_user.ilk
d:\github\operations-systems\lr6\dll\debug\lib_user.ilk
d:\github\operations-systems\lr6\dll\debug\dll_user.pdb
d:\github\operations-systems\lr6\dll\debug\lib_user.pdb
d:\github\operations-systems\lr6\dll\debug\dll.tlog\cl.command.1.tlog
d:\github\operations-systems\lr6\dll\debug\dll.tlog\cl.read.1.tlog
d:\github\operations-systems\lr6\dll\debug\dll.tlog\cl.write.1.tlog
d:\github\operations-systems\lr6\dll\debug\dll.tlog\dll.write.1u.tlog
d:\github\operations-systems\lr6\dll\debug\dll.tlog\link.9488.delete.1.tlog
d:\github\operations-systems\lr6\dll\debug\dll.tlog\link.command.1.tlog
d:\github\operations-systems\lr6\dll\debug\dll.tlog\link.read.1.tlog
d:\github\operations-systems\lr6\dll\debug\dll.tlog\link.write.1.tlog
